# JRE version: OpenJDK Runtime Environment Temurin-21.0.8+9 (21.0.8+9) (build 21.0.8+9-LTS)
# Java VM: OpenJDK 64-Bit Server VM Temurin-21.0.8+9 (21.0.8+9-LTS, mixed mode, sharing, tiered, compressed oops, compressed class ptrs, parallel gc, windows-amd64)
GC Precious Log:
 CardTable entry size: 512
 CPUs: 32 total, 32 available
 Memory: 32475M
 Large Page Support: Disabled
 NUMA Support: Disabled
 Compressed Oops: Enabled (32-bit)
 Alignments: Space 512K, Generation 512K, Heap 2M
 Heap Min Capacity: 100M
 Heap Initial Capacity: 100M
 Heap Max Capacity: 2G
 Pre-touch: Disabled
 Parallel Workers: 23
Heap:
 PSYoungGen      total 8192K, used 4420K [0x00000000d5580000, 0x00000000d6000000, 0x0000000100000000)
  eden space 5632K, 36% used [0x00000000d5580000,0x00000000d577cfa0,0x00000000d5b00000)
  from space 2560K, 93% used [0x00000000d5d80000,0x00000000d5fd40b8,0x00000000d6000000)
  to   space 2560K, 0% used [0x00000000d5b00000,0x00000000d5b00000,0x00000000d5d80000)
 ParOldGen       total 693760K, used 620422K [0x0000000080000000, 0x00000000aa580000, 0x00000000d5580000)
  object space 693760K, 89% used [0x0000000080000000,0x00000000a5de1800,0x00000000aa580000)
 Metaspace       used 88535K, committed 90304K, reserved 1179648K
  class space    used 9263K, committed 10112K, reserved 1048576K
GC Heap History (20 events):
Event: 499.196 GC heap before
{Heap before GC invocations=1081 (full 4):
 PSYoungGen      total 5120K, used 4982K [0x00000000d5580000, 0x00000000d6000000, 0x0000000100000000)
  eden space 3072K, 100% used [0x00000000d5580000,0x00000000d5880000,0x00000000d5880000)
  from space 2048K, 93% used [0x00000000d5e00000,0x00000000d5fdd950,0x00000000d6000000)
  to   space 3072K, 0% used [0x00000000d5a00000,0x00000000d5a00000,0x00000000d5d00000)
 ParOldGen       total 693760K, used 612669K [0x0000000080000000, 0x00000000aa580000, 0x00000000d5580000)
  object space 693760K, 88% used [0x0000000080000000,0x00000000a564f528,0x00000000aa580000)
 Metaspace       used 88490K, committed 90240K, reserved 1179648K
  class space    used 9263K, committed 10112K, reserved 1048576K
}
Event: 499.198 GC heap after
{Heap after GC invocations=1081 (full 4):
 PSYoungGen      total 6144K, used 1585K [0x00000000d5580000, 0x00000000d5e80000, 0x0000000100000000)
  eden space 4096K, 0% used [0x00000000d5580000,0x00000000d5580000,0x00000000d5980000)
  from space 2048K, 77% used [0x00000000d5a00000,0x00000000d5b8c6d8,0x00000000d5c00000)
  to   space 2048K, 0% used [0x00000000d5c80000,0x00000000d5c80000,0x00000000d5e80000)
 ParOldGen       total 693760K, used 614047K [0x0000000080000000, 0x00000000aa580000, 0x00000000d5580000)
  object space 693760K, 88% used [0x0000000080000000,0x00000000a57a7f58,0x00000000aa580000)
 Metaspace       used 88490K, committed 90240K, reserved 1179648K
  class space    used 9263K, committed 10112K, reserved 1048576K
}
Event: 499.221 GC heap before
{Heap before GC invocations=1082 (full 4):
 PSYoungGen      total 6144K, used 5681K [0x00000000d5580000, 0x00000000d5e80000, 0x0000000100000000)
  eden space 4096K, 100% used [0x00000000d5580000,0x00000000d5980000,0x00000000d5980000)
  from space 2048K, 77% used [0x00000000d5a00000,0x00000000d5b8c6d8,0x00000000d5c00000)
  to   space 2048K, 0% used [0x00000000d5c80000,0x00000000d5c80000,0x00000000d5e80000)
 ParOldGen       total 693760K, used 614047K [0x0000000080000000, 0x00000000aa580000, 0x00000000d5580000)
  object space 693760K, 88% used [0x0000000080000000,0x00000000a57a7f58,0x00000000aa580000)
 Metaspace       used 88491K, committed 90240K, reserved 1179648K
  class space    used 9263K, committed 10112K, reserved 1048576K
}
Event: 499.223 GC heap after
{Heap after GC invocations=1082 (full 4):
 PSYoungGen      total 5632K, used 2047K [0x00000000d5580000, 0x00000000d6180000, 0x0000000100000000)
  eden space 3584K, 0% used [0x00000000d5580000,0x00000000d5580000,0x00000000d5900000)
  from space 2048K, 99% used [0x00000000d5c80000,0x00000000d5e7fe68,0x00000000d5e80000)
  to   space 3584K, 0% used [0x00000000d5900000,0x00000000d5900000,0x00000000d5c80000)
 ParOldGen       total 693760K, used 614996K [0x0000000080000000, 0x00000000aa580000, 0x00000000d5580000)
  object space 693760K, 88% used [0x0000000080000000,0x00000000a5895380,0x00000000aa580000)
 Metaspace       used 88491K, committed 90240K, reserved 1179648K
  class space    used 9263K, committed 10112K, reserved 1048576K
}
Event: 499.228 GC heap before
{Heap before GC invocations=1083 (full 4):
 PSYoungGen      total 5632K, used 5631K [0x00000000d5580000, 0x00000000d6180000, 0x0000000100000000)
  eden space 3584K, 100% used [0x00000000d5580000,0x00000000d5900000,0x00000000d5900000)
  from space 2048K, 99% used [0x00000000d5c80000,0x00000000d5e7fe68,0x00000000d5e80000)
  to   space 3584K, 0% used [0x00000000d5900000,0x00000000d5900000,0x00000000d5c80000)
 ParOldGen       total 693760K, used 614996K [0x0000000080000000, 0x00000000aa580000, 0x00000000d5580000)
  object space 693760K, 88% used [0x0000000080000000,0x00000000a5895380,0x00000000aa580000)
 Metaspace       used 88491K, committed 90240K, reserved 1179648K
  class space    used 9263K, committed 10112K, reserved 1048576K
}
Event: 499.230 GC heap after
{Heap after GC invocations=1083 (full 4):
 PSYoungGen      total 4608K, used 832K [0x00000000d5580000, 0x00000000d5e00000, 0x0000000100000000)
  eden space 3584K, 0% used [0x00000000d5580000,0x00000000d5580000,0x00000000d5900000)
  from space 1024K, 81% used [0x00000000d5900000,0x00000000d59d0000,0x00000000d5a00000)
  to   space 2048K, 0% used [0x00000000d5c00000,0x00000000d5c00000,0x00000000d5e00000)
 ParOldGen       total 693760K, used 616686K [0x0000000080000000, 0x00000000aa580000, 0x00000000d5580000)
  object space 693760K, 88% used [0x0000000080000000,0x00000000a5a3b928,0x00000000aa580000)
 Metaspace       used 88491K, committed 90240K, reserved 1179648K
  class space    used 9263K, committed 10112K, reserved 1048576K
}
Event: 499.235 GC heap before
{Heap before GC invocations=1084 (full 4):
 PSYoungGen      total 4608K, used 4416K [0x00000000d5580000, 0x00000000d5e00000, 0x0000000100000000)
  eden space 3584K, 100% used [0x00000000d5580000,0x00000000d5900000,0x00000000d5900000)
  from space 1024K, 81% used [0x00000000d5900000,0x00000000d59d0000,0x00000000d5a00000)
  to   space 2048K, 0% used [0x00000000d5c00000,0x00000000d5c00000,0x00000000d5e00000)
 ParOldGen       total 693760K, used 616686K [0x0000000080000000, 0x00000000aa580000, 0x00000000d5580000)
  object space 693760K, 88% used [0x0000000080000000,0x00000000a5a3b928,0x00000000aa580000)
 Metaspace       used 88491K, committed 90240K, reserved 1179648K
  class space    used 9263K, committed 10112K, reserved 1048576K
}
Event: 499.237 GC heap after
{Heap after GC invocations=1084 (full 4):
 PSYoungGen      total 5632K, used 832K [0x00000000d5580000, 0x00000000d5d00000, 0x0000000100000000)
  eden space 4608K, 0% used [0x00000000d5580000,0x00000000d5580000,0x00000000d5a00000)
  from space 1024K, 81% used [0x00000000d5c00000,0x00000000d5cd0000,0x00000000d5d00000)
  to   space 1024K, 0% used [0x00000000d5b00000,0x00000000d5b00000,0x00000000d5c00000)
 ParOldGen       total 693760K, used 617190K [0x0000000080000000, 0x00000000aa580000, 0x00000000d5580000)
  object space 693760K, 88% used [0x0000000080000000,0x00000000a5ab9928,0x00000000aa580000)
 Metaspace       used 88491K, committed 90240K, reserved 1179648K
  class space    used 9263K, committed 10112K, reserved 1048576K
}
Event: 499.257 GC heap before
{Heap before GC invocations=1085 (full 4):
 PSYoungGen      total 5632K, used 5440K [0x00000000d5580000, 0x00000000d5d00000, 0x0000000100000000)
  eden space 4608K, 100% used [0x00000000d5580000,0x00000000d5a00000,0x00000000d5a00000)
  from space 1024K, 81% used [0x00000000d5c00000,0x00000000d5cd0000,0x00000000d5d00000)
  to   space 1024K, 0% used [0x00000000d5b00000,0x00000000d5b00000,0x00000000d5c00000)
 ParOldGen       total 693760K, used 617190K [0x0000000080000000, 0x00000000aa580000, 0x00000000d5580000)
  object space 693760K, 88% used [0x0000000080000000,0x00000000a5ab9928,0x00000000aa580000)
 Metaspace       used 88502K, committed 90240K, reserved 1179648K
  class space    used 9263K, committed 10112K, reserved 1048576K
}
Event: 499.258 GC heap after
{Heap after GC invocations=1085 (full 4):
 PSYoungGen      total 6656K, used 768K [0x00000000d5580000, 0x00000000d5d00000, 0x0000000100000000)
  eden space 5632K, 0% used [0x00000000d5580000,0x00000000d5580000,0x00000000d5b00000)
  from space 1024K, 75% used [0x00000000d5b00000,0x00000000d5bc0000,0x00000000d5c00000)
  to   space 1024K, 0% used [0x00000000d5c00000,0x00000000d5c00000,0x00000000d5d00000)
 ParOldGen       total 693760K, used 617738K [0x0000000080000000, 0x00000000aa580000, 0x00000000d5580000)
  object space 693760K, 89% used [0x0000000080000000,0x00000000a5b42948,0x00000000aa580000)
 Metaspace       used 88502K, committed 90240K, reserved 1179648K
  class space    used 9263K, committed 10112K, reserved 1048576K
}
Event: 499.550 GC heap before
{Heap before GC invocations=1086 (full 4):
 PSYoungGen      total 6656K, used 6379K [0x00000000d5580000, 0x00000000d5d00000, 0x0000000100000000)
  eden space 5632K, 99% used [0x00000000d5580000,0x00000000d5afae08,0x00000000d5b00000)
  from space 1024K, 75% used [0x00000000d5b00000,0x00000000d5bc0000,0x00000000d5c00000)
  to   space 1024K, 0% used [0x00000000d5c00000,0x00000000d5c00000,0x00000000d5d00000)
 ParOldGen       total 693760K, used 617738K [0x0000000080000000, 0x00000000aa580000, 0x00000000d5580000)
  object space 693760K, 89% used [0x0000000080000000,0x00000000a5b42948,0x00000000aa580000)
 Metaspace       used 88515K, committed 90240K, reserved 1179648K
  class space    used 9263K, committed 10112K, reserved 1048576K
}
Event: 499.552 GC heap after
{Heap after GC invocations=1086 (full 4):
 PSYoungGen      total 6656K, used 913K [0x00000000d5580000, 0x00000000d5d00000, 0x0000000100000000)
  eden space 5632K, 0% used [0x00000000d5580000,0x00000000d5580000,0x00000000d5b00000)
  from space 1024K, 89% used [0x00000000d5c00000,0x00000000d5ce4510,0x00000000d5d00000)
  to   space 1024K, 0% used [0x00000000d5b00000,0x00000000d5b00000,0x00000000d5c00000)
 ParOldGen       total 693760K, used 618110K [0x0000000080000000, 0x00000000aa580000, 0x00000000d5580000)
  object space 693760K, 89% used [0x0000000080000000,0x00000000a5b9fa60,0x00000000aa580000)
 Metaspace       used 88515K, committed 90240K, reserved 1179648K
  class space    used 9263K, committed 10112K, reserved 1048576K
}
Event: 499.559 GC heap before
{Heap before GC invocations=1087 (full 4):
 PSYoungGen      total 6656K, used 6545K [0x00000000d5580000, 0x00000000d5d00000, 0x0000000100000000)
  eden space 5632K, 99% used [0x00000000d5580000,0x00000000d5afffb8,0x00000000d5b00000)
  from space 1024K, 89% used [0x00000000d5c00000,0x00000000d5ce4510,0x00000000d5d00000)
  to   space 1024K, 0% used [0x00000000d5b00000,0x00000000d5b00000,0x00000000d5c00000)
 ParOldGen       total 693760K, used 618110K [0x0000000080000000, 0x00000000aa580000, 0x00000000d5580000)
  object space 693760K, 89% used [0x0000000080000000,0x00000000a5b9fa60,0x00000000aa580000)
 Metaspace       used 88515K, committed 90240K, reserved 1179648K
  class space    used 9263K, committed 10112K, reserved 1048576K
}
Event: 499.560 GC heap after
{Heap after GC invocations=1087 (full 4):
 PSYoungGen      total 6656K, used 817K [0x00000000d5580000, 0x00000000d5d00000, 0x0000000100000000)
  eden space 5632K, 0% used [0x00000000d5580000,0x00000000d5580000,0x00000000d5b00000)
  from space 1024K, 79% used [0x00000000d5b00000,0x00000000d5bcc510,0x00000000d5c00000)
  to   space 1024K, 0% used [0x00000000d5c00000,0x00000000d5c00000,0x00000000d5d00000)
 ParOldGen       total 693760K, used 618262K [0x0000000080000000, 0x00000000aa580000, 0x00000000d5580000)
  object space 693760K, 89% used [0x0000000080000000,0x00000000a5bc5a60,0x00000000aa580000)
 Metaspace       used 88515K, committed 90240K, reserved 1179648K
  class space    used 9263K, committed 10112K, reserved 1048576K
}
Event: 499.735 GC heap before
{Heap before GC invocations=1088 (full 4):
 PSYoungGen      total 6656K, used 6449K [0x00000000d5580000, 0x00000000d5d00000, 0x0000000100000000)
  eden space 5632K, 100% used [0x00000000d5580000,0x00000000d5b00000,0x00000000d5b00000)
  from space 1024K, 79% used [0x00000000d5b00000,0x00000000d5bcc510,0x00000000d5c00000)
  to   space 1024K, 0% used [0x00000000d5c00000,0x00000000d5c00000,0x00000000d5d00000)
 ParOldGen       total 693760K, used 618262K [0x0000000080000000, 0x00000000aa580000, 0x00000000d5580000)
  object space 693760K, 89% used [0x0000000080000000,0x00000000a5bc5a60,0x00000000aa580000)
 Metaspace       used 88515K, committed 90240K, reserved 1179648K
  class space    used 9263K, committed 10112K, reserved 1048576K
}
Event: 499.737 GC heap after
{Heap after GC invocations=1088 (full 4):
 PSYoungGen      total 6656K, used 704K [0x00000000d5580000, 0x00000000d5d00000, 0x0000000100000000)
  eden space 5632K, 0% used [0x00000000d5580000,0x00000000d5580000,0x00000000d5b00000)
  from space 1024K, 68% used [0x00000000d5c00000,0x00000000d5cb0000,0x00000000d5d00000)
  to   space 1024K, 0% used [0x00000000d5b00000,0x00000000d5b00000,0x00000000d5c00000)
 ParOldGen       total 693760K, used 618438K [0x0000000080000000, 0x00000000aa580000, 0x00000000d5580000)
  object space 693760K, 89% used [0x0000000080000000,0x00000000a5bf1a60,0x00000000aa580000)
 Metaspace       used 88515K, committed 90240K, reserved 1179648K
  class space    used 9263K, committed 10112K, reserved 1048576K
}
Event: 499.744 GC heap before
{Heap before GC invocations=1089 (full 4):
 PSYoungGen      total 6656K, used 6336K [0x00000000d5580000, 0x00000000d5d00000, 0x0000000100000000)
  eden space 5632K, 100% used [0x00000000d5580000,0x00000000d5b00000,0x00000000d5b00000)
  from space 1024K, 68% used [0x00000000d5c00000,0x00000000d5cb0000,0x00000000d5d00000)
  to   space 1024K, 0% used [0x00000000d5b00000,0x00000000d5b00000,0x00000000d5c00000)
 ParOldGen       total 693760K, used 618438K [0x0000000080000000, 0x00000000aa580000, 0x00000000d5580000)
  object space 693760K, 89% used [0x0000000080000000,0x00000000a5bf1a60,0x00000000aa580000)
 Metaspace       used 88518K, committed 90240K, reserved 1179648K
  class space    used 9263K, committed 10112K, reserved 1048576K
}
Event: 499.746 GC heap after
{Heap after GC invocations=1089 (full 4):
 PSYoungGen      total 6656K, used 1014K [0x00000000d5580000, 0x00000000d6000000, 0x0000000100000000)
  eden space 5632K, 0% used [0x00000000d5580000,0x00000000d5580000,0x00000000d5b00000)
  from space 1024K, 99% used [0x00000000d5b00000,0x00000000d5bfd8f8,0x00000000d5c00000)
  to   space 2560K, 0% used [0x00000000d5d80000,0x00000000d5d80000,0x00000000d6000000)
 ParOldGen       total 693760K, used 619336K [0x0000000080000000, 0x00000000aa580000, 0x00000000d5580000)
  object space 693760K, 89% used [0x0000000080000000,0x00000000a5cd23a0,0x00000000aa580000)
 Metaspace       used 88518K, committed 90240K, reserved 1179648K
  class space    used 9263K, committed 10112K, reserved 1048576K
}
Event: 499.754 GC heap before
{Heap before GC invocations=1090 (full 4):
 PSYoungGen      total 6656K, used 6646K [0x00000000d5580000, 0x00000000d6000000, 0x0000000100000000)
  eden space 5632K, 100% used [0x00000000d5580000,0x00000000d5b00000,0x00000000d5b00000)
  from space 1024K, 99% used [0x00000000d5b00000,0x00000000d5bfd8f8,0x00000000d5c00000)
  to   space 2560K, 0% used [0x00000000d5d80000,0x00000000d5d80000,0x00000000d6000000)
 ParOldGen       total 693760K, used 619336K [0x0000000080000000, 0x00000000aa580000, 0x00000000d5580000)
  object space 693760K, 89% used [0x0000000080000000,0x00000000a5cd23a0,0x00000000aa580000)
 Metaspace       used 88534K, committed 90304K, reserved 1179648K
  class space    used 9263K, committed 10112K, reserved 1048576K
}
Event: 499.757 GC heap after
{Heap after GC invocations=1090 (full 4):
 PSYoungGen      total 8192K, used 2384K [0x00000000d5580000, 0x00000000d6000000, 0x0000000100000000)
  eden space 5632K, 0% used [0x00000000d5580000,0x00000000d5580000,0x00000000d5b00000)
  from space 2560K, 93% used [0x00000000d5d80000,0x00000000d5fd40b8,0x00000000d6000000)
  to   space 2560K, 0% used [0x00000000d5b00000,0x00000000d5b00000,0x00000000d5d80000)
 ParOldGen       total 693760K, used 620422K [0x0000000080000000, 0x00000000aa580000, 0x00000000d5580000)
  object space 693760K, 89% used [0x0000000080000000,0x00000000a5de1800,0x00000000aa580000)
 Metaspace       used 88534K, committed 90304K, reserved 1179648K
  class space    used 9263K, committed 10112K, reserved 1048576K
}

